Determining if the pthread_create exist failed with the following output:
Change Dir: /home/vernwalrahu/catkin_ws/build/CMakeFiles/CMakeTmp

Run Build Command:"/usr/bin/make" "cmTC_911c4/fast"
/usr/bin/make -f CMakeFiles/cmTC_911c4.dir/build.make CMakeFiles/cmTC_911c4.dir/build
make[1]: Entering directory `/home/vernwalrahu/catkin_ws/build/CMakeFiles/CMakeTmp'
Building C object CMakeFiles/cmTC_911c4.dir/CheckSymbolExists.c.o
/usr/bin/cc     -o CMakeFiles/cmTC_911c4.dir/CheckSymbolExists.c.o   -c /home/vernwalrahu/catkin_ws/build/CMakeFiles/CMakeTmp/CheckSymbolExists.c
Linking C executable cmTC_911c4
/usr/local/bin/cmake -E cmake_link_script CMakeFiles/cmTC_911c4.dir/link.txt --verbose=1
/usr/bin/cc       CMakeFiles/cmTC_911c4.dir/CheckSymbolExists.c.o  -o cmTC_911c4 -rdynamic 
CMakeFiles/cmTC_911c4.dir/CheckSymbolExists.c.o: In function `main':
CheckSymbolExists.c:(.text+0x16): undefined reference to `pthread_create'
collect2: error: ld returned 1 exit status
make[1]: *** [cmTC_911c4] Error 1
make[1]: Leaving directory `/home/vernwalrahu/catkin_ws/build/CMakeFiles/CMakeTmp'
make: *** [cmTC_911c4/fast] Error 2

File /home/vernwalrahu/catkin_ws/build/CMakeFiles/CMakeTmp/CheckSymbolExists.c:
/* */
#include <pthread.h>

int main(int argc, char** argv)
{
  (void)argv;
#ifndef pthread_create
  return ((int*)(&pthread_create))[argc];
#else
  (void)argc;
  return 0;
#endif
}

Determining if the function pthread_create exists in the pthreads failed with the following output:
Change Dir: /home/vernwalrahu/catkin_ws/build/CMakeFiles/CMakeTmp

Run Build Command:"/usr/bin/make" "cmTC_345a1/fast"
/usr/bin/make -f CMakeFiles/cmTC_345a1.dir/build.make CMakeFiles/cmTC_345a1.dir/build
make[1]: Entering directory `/home/vernwalrahu/catkin_ws/build/CMakeFiles/CMakeTmp'
Building C object CMakeFiles/cmTC_345a1.dir/CheckFunctionExists.c.o
/usr/bin/cc    -DCHECK_FUNCTION_EXISTS=pthread_create   -o CMakeFiles/cmTC_345a1.dir/CheckFunctionExists.c.o   -c /usr/local/share/cmake-3.7/Modules/CheckFunctionExists.c
Linking C executable cmTC_345a1
/usr/local/bin/cmake -E cmake_link_script CMakeFiles/cmTC_345a1.dir/link.txt --verbose=1
/usr/bin/cc   -DCHECK_FUNCTION_EXISTS=pthread_create    CMakeFiles/cmTC_345a1.dir/CheckFunctionExists.c.o  -o cmTC_345a1 -rdynamic -lpthreads 
/usr/bin/ld: cannot find -lpthreads
collect2: error: ld returned 1 exit status
make[1]: *** [cmTC_345a1] Error 1
make[1]: Leaving directory `/home/vernwalrahu/catkin_ws/build/CMakeFiles/CMakeTmp'
make: *** [cmTC_345a1/fast] Error 2


